{
  "stats": {
    "suites": 1,
    "tests": 1,
    "passes": 0,
    "pending": 0,
    "failures": 1,
    "start": "2025-01-01T11:38:30.243Z",
    "end": "2025-01-01T11:39:00.615Z",
    "duration": 30372,
    "testsRegistered": 1,
    "passPercent": 0,
    "pendingPercent": 0,
    "other": 0,
    "hasOther": false,
    "skipped": 0,
    "hasSkipped": false
  },
  "results": [
    {
      "uuid": "bb28e274-2a33-4be4-8033-b83ca8621725",
      "title": "",
      "fullFile": "cypress/e2e/API/Get Cats List.cy.js",
      "file": "cypress/e2e/API/Get Cats List.cy.js",
      "beforeHooks": [],
      "afterHooks": [],
      "tests": [],
      "suites": [
        {
          "uuid": "7738717c-1cec-42f5-b17c-9ab1a08e1f80",
          "title": "API Test",
          "fullFile": "",
          "file": "",
          "beforeHooks": [],
          "afterHooks": [],
          "tests": [
            {
              "title": "Should return 200 and correct body",
              "fullTitle": "API Test Should return 200 and correct body",
              "timedOut": null,
              "duration": 30263,
              "state": "failed",
              "speed": null,
              "pass": false,
              "fail": true,
              "pending": false,
              "context": "{\n  \"title\": \"cypress-mochawesome-reporter-screenshots\",\n  \"value\": [\n    [\n      \"/API/Get Cats List.cy.js/API Test -- Should return 200 and correct body (failed).png\"\n    ]\n  ]\n}",
              "code": "cy.request('http://45.94.157.117:6601/api/v1/cats').then(response => {\n  expect(response.status).to.eq(200);\n  expect(response.body).to.be.an('array');\n  const urlPattern = new RegExp('^(http|https)://[^ \"]+$');\n  expect(response.body[0]).to.have.property('id').to.be.a('number');\n  expect(response.body[0]).to.have.property('name').to.be.a('string');\n  expect(response.body[0]).to.have.property('is_male').to.be.a('boolean');\n  expect(response.body[0]).to.have.property('is_reserved').to.be.a('boolean');\n  expect(response.body[0]).to.have.property('description').to.be.a('string');\n  expect(response.body[0]).to.have.property('date_of_birth').to.be.a('string');\n  expect(response.body[0].photos[0]).to.have.property('id').to.be.a('number');\n  expect(response.body[0].photos[0]).to.have.property('media_path').to.match(urlPattern);\n});",
              "err": {
                "message": "CypressError: `cy.request()` timed out waiting `30000ms` for a response from your server.\n\nThe request we sent was:\n\nMethod: GET\nURL: http://45.94.157.117:6601/api/v1/cats\n\nNo response was received within the timeout.\n\nhttps://on.cypress.io/request",
                "estack": "CypressError: `cy.request()` timed out waiting `30000ms` for a response from your server.\n\nThe request we sent was:\n\nMethod: GET\nURL: http://45.94.157.117:6601/api/v1/cats\n\nNo response was received within the timeout.\n\nhttps://on.cypress.io/request\n    at <unknown> (https://cat-for-future.site/__cypress/runner/cypress_runner.js:133045:70)\n    at tryCatcher (https://cat-for-future.site/__cypress/runner/cypress_runner.js:1807:23)\n    at <unknown> (https://cat-for-future.site/__cypress/runner/cypress_runner.js:4186:41)\n    at tryCatcher (https://cat-for-future.site/__cypress/runner/cypress_runner.js:1807:23)\n    at Promise._settlePromiseFromHandler (https://cat-for-future.site/__cypress/runner/cypress_runner.js:1519:31)\n    at Promise._settlePromise (https://cat-for-future.site/__cypress/runner/cypress_runner.js:1576:18)\n    at Promise._settlePromise0 (https://cat-for-future.site/__cypress/runner/cypress_runner.js:1621:10)\n    at Promise._settlePromises (https://cat-for-future.site/__cypress/runner/cypress_runner.js:1697:18)\n    at _drainQueueStep (https://cat-for-future.site/__cypress/runner/cypress_runner.js:2407:12)\n    at _drainQueue (https://cat-for-future.site/__cypress/runner/cypress_runner.js:2400:9)\n    at Async._drainQueues (https://cat-for-future.site/__cypress/runner/cypress_runner.js:2416:5)\n    at Async.drainQueues (https://cat-for-future.site/__cypress/runner/cypress_runner.js:2286:14)\nFrom Your Spec Code:\n    at Context.eval (webpack://cat-for-future_cypress/./cypress/e2e/API/Get Cats List.cy.js:4:9)",
                "diff": null
              },
              "uuid": "99701e37-3917-46fd-b018-bc70bf278814",
              "parentUUID": "7738717c-1cec-42f5-b17c-9ab1a08e1f80",
              "isHook": false,
              "skipped": false
            }
          ],
          "suites": [],
          "passes": [],
          "failures": [
            "99701e37-3917-46fd-b018-bc70bf278814"
          ],
          "pending": [],
          "skipped": [],
          "duration": 30263,
          "root": false,
          "rootEmpty": false,
          "_timeout": 2000
        }
      ],
      "passes": [],
      "failures": [],
      "pending": [],
      "skipped": [],
      "duration": 0,
      "root": true,
      "rootEmpty": true,
      "_timeout": 2000
    }
  ],
  "meta": {
    "mocha": {
      "version": "7.0.1"
    },
    "mochawesome": {
      "options": {
        "quiet": false,
        "reportFilename": "mochawesome",
        "saveHtml": false,
        "saveJson": true,
        "consoleReporter": "spec",
        "useInlineDiffs": false,
        "code": true
      },
      "version": "7.1.3"
    },
    "marge": {
      "options": {
        "charts": true,
        "reportPageTitle": "custom-title",
        "embeddedScreenshots": true,
        "inlineAssets": true,
        "saveAllAttempts": false,
        "overwrite": false,
        "html": false,
        "json": true,
        "reportDir": "cypress/reports/html/.jsons"
      },
      "version": "6.2.0"
    }
  }
}